-------------------------------------------------------------------------------
Test set: net.ptidej.tutorial.forwarding.Tests
-------------------------------------------------------------------------------
Tests run: 2, Failures: 0, Errors: 0, Skipped: 0, Time elapsed: 0.102 s -- in net.ptidej.tutorial.forwarding.Tests
net.ptidej.tutorial.forwarding.Tests.testUnexpectedMissingCallToOverridingMethod -- Time elapsed: 0.049 s
net.ptidej.tutorial.forwarding.Tests.testUnexpectedCallToOverridingMethod -- Time elapsed: 0.007 s
