<?xml version="1.0" encoding="UTF-8"?>
<testsuite xmlns:xsi="http://www.w3.org/2001/XMLSchema-instance" xsi:noNamespaceSchemaLocation="https://maven.apache.org/surefire/maven-surefire-plugin/xsd/surefire-test-report.xsd" version="3.0.2" name="net.ptidej.tutorial.forwarding.Tests" time="0.102" tests="2" errors="0" skipped="0" failures="0">
  <properties>
[...]
</properties>
  <testcase name="testUnexpectedMissingCallToOverridingMethod" classname="net.ptidej.tutorial.forwarding.Tests" time="0.049">
    <system-out><![CDATA[Laying eggs...

WARNING: All the tests should pass, but net.ptidej.tutorial.forwarding.Tests.testUnexpectedMissingCallToOverridingMethod() actually shows the erroneous behaviour!

Laying eggs...
]]></system-out>
  </testcase>
  <testcase name="testUnexpectedCallToOverridingMethod" classname="net.ptidej.tutorial.forwarding.Tests" time="0.007">
    <system-out><![CDATA[
WARNING: All the tests should pass, but net.ptidej.tutorial.forwarding.Tests.testUnexpectedCallToOverridingMethod() actually shows the erroneous behaviour!

]]></system-out>
  </testcase>
</testsuite>