-------------------------------------------------------------------------------
Test set: net.ptidej.tutorial.animals.test.Tests
-------------------------------------------------------------------------------
Tests run: 2, Failures: 0, Errors: 0, Skipped: 0, Time elapsed: 0.097 s -- in net.ptidej.tutorial.animals.test.Tests
net.ptidej.tutorial.animals.test.Tests.testUnexpectedMissingCallToOverridingMethod -- Time elapsed: 0.049 s
net.ptidej.tutorial.animals.test.Tests.testUnexpectedCallToOverridingMethod -- Time elapsed: 0.007 s
