<?xml version="1.0" encoding="UTF-8"?>
<testsuite xmlns:xsi="http://www.w3.org/2001/XMLSchema-instance" xsi:noNamespaceSchemaLocation="https://maven.apache.org/surefire/maven-surefire-plugin/xsd/surefire-test-report.xsd" version="3.0.2" name="net.ptidej.tutorial.forwarding.Tests" time="0.11" tests="2" errors="0" skipped="0" failures="2">
  <properties>
[...]
</properties>
  <testcase name="testUnexpectedMissingCallToOverridingMethod" classname="net.ptidej.tutorial.forwarding.Tests" time="0.062">
    <failure message="The method net.ptidej.tutorial.animals.impl.Echidna2.getEggSize() IS called by net.ptidej.tutorial.animals.impl.AbstractBird.layEgg() ==&gt; expected: &lt;20&gt; but was: &lt;50&gt;" type="org.opentest4j.AssertionFailedError"><![CDATA[org.opentest4j.AssertionFailedError: The method net.ptidej.tutorial.animals.impl.Echidna2.getEggSize() IS called by net.ptidej.tutorial.animals.impl.AbstractBird.layEgg() ==> expected: <20> but was: <50>
	at org.junit.jupiter.api.AssertionFailureBuilder.build(AssertionFailureBuilder.java:151)
	at org.junit.jupiter.api.AssertionFailureBuilder.buildAndThrow(AssertionFailureBuilder.java:132)
	at org.junit.jupiter.api.AssertEquals.failNotEqual(AssertEquals.java:197)
	at org.junit.jupiter.api.AssertEquals.assertEquals(AssertEquals.java:150)
	at org.junit.jupiter.api.Assertions.assertEquals(Assertions.java:563)
	at net.ptidej.tutorial.forwarding.Tests.testUnexpectedMissingCallToOverridingMethod(Tests.java:34)
	at java.base/java.lang.reflect.Method.invoke(Method.java:568)
	at java.base/java.util.ArrayList.forEach(ArrayList.java:1511)
	at java.base/java.util.ArrayList.forEach(ArrayList.java:1511)
]]></failure>
    <system-out><![CDATA[Laying eggs...
Laying eggs...
]]></system-out>
  </testcase>
  <testcase name="testUnexpectedCallToOverridingMethod" classname="net.ptidej.tutorial.forwarding.Tests" time="0.007">
    <failure message="The method net.ptidej.tutorial.animals.IVertebrate.addFightingMechanism() is NOT called by net.ptidej.tutorial.animals.IVertebrate.addFightingMechanisms() ==&gt; expected: &lt;3&gt; but was: &lt;5&gt;" type="org.opentest4j.AssertionFailedError"><![CDATA[org.opentest4j.AssertionFailedError: The method net.ptidej.tutorial.animals.IVertebrate.addFightingMechanism() is NOT called by net.ptidej.tutorial.animals.IVertebrate.addFightingMechanisms() ==> expected: <3> but was: <5>
	at org.junit.jupiter.api.AssertionFailureBuilder.build(AssertionFailureBuilder.java:151)
	at org.junit.jupiter.api.AssertionFailureBuilder.buildAndThrow(AssertionFailureBuilder.java:132)
	at org.junit.jupiter.api.AssertEquals.failNotEqual(AssertEquals.java:197)
	at org.junit.jupiter.api.AssertEquals.assertEquals(AssertEquals.java:150)
	at org.junit.jupiter.api.Assertions.assertEquals(Assertions.java:563)
	at net.ptidej.tutorial.forwarding.Tests.testUnexpectedCallToOverridingMethod(Tests.java:24)
	at java.base/java.lang.reflect.Method.invoke(Method.java:568)
	at java.base/java.util.ArrayList.forEach(ArrayList.java:1511)
	at java.base/java.util.ArrayList.forEach(ArrayList.java:1511)
]]></failure>
  </testcase>
</testsuite>