-------------------------------------------------------------------------------
Test set: net.ptidej.tutorial.forwarding.Test
-------------------------------------------------------------------------------
Tests run: 1, Failures: 1, Errors: 0, Skipped: 0, Time elapsed: 0.138 s <<< FAILURE! -- in net.ptidej.tutorial.forwarding.Test
net.ptidej.tutorial.forwarding.Test.test -- Time elapsed: 0.076 s <<< FAILURE!
org.opentest4j.AssertionFailedError: Not yet implemented
	at org.junit.jupiter.api.AssertionUtils.fail(AssertionUtils.java:38)
	at org.junit.jupiter.api.Assertions.fail(Assertions.java:138)
	at net.ptidej.tutorial.forwarding.Test.test(Test.java:9)
	at java.base/java.lang.reflect.Method.invoke(Method.java:568)
	at java.base/java.util.ArrayList.forEach(ArrayList.java:1511)
	at java.base/java.util.ArrayList.forEach(ArrayList.java:1511)

