-------------------------------------------------------------------------------
Test set: net.ptidej.tutorial.forwarding.Tests
-------------------------------------------------------------------------------
Tests run: 3, Failures: 0, Errors: 0, Skipped: 0, Time elapsed: 0.126 s -- in net.ptidej.tutorial.forwarding.Tests
net.ptidej.tutorial.forwarding.Tests.test1 -- Time elapsed: 0.035 s
net.ptidej.tutorial.forwarding.Tests.test2 -- Time elapsed: 0.005 s
net.ptidej.tutorial.forwarding.Tests.test3 -- Time elapsed: 0.005 s
