<?xml version="1.0" encoding="UTF-8"?>
<testsuite xmlns:xsi="http://www.w3.org/2001/XMLSchema-instance" xsi:noNamespaceSchemaLocation="https://maven.apache.org/surefire/maven-surefire-plugin/xsd/surefire-test-report.xsd" version="3.0.2" name="net.ptidej.tutorial.forwarding.Tests" time="0.11" tests="2" errors="0" skipped="0" failures="2">
  <properties>
    <property name="java.specification.version" value="17"/>
    <property name="sun.cpu.isalist" value="amd64"/>
    <property name="sun.jnu.encoding" value="Cp1252"/>
    <property name="java.class.path" value="D:\Documents\Tutorials\241001 - Forwarding and Delegation\Workspace\Platypus (Fixed)\target\test-classes;D:\Documents\Tutorials\241001 - Forwarding and Delegation\Workspace\Platypus (Fixed)\target\classes;C:\Users\Yann-Gaël Guéhéneuc\.m2\repository\org\junit\jupiter\junit-jupiter-api\5.11.2\junit-jupiter-api-5.11.2.jar;C:\Users\Yann-Gaël Guéhéneuc\.m2\repository\org\opentest4j\opentest4j\1.3.0\opentest4j-1.3.0.jar;C:\Users\Yann-Gaël Guéhéneuc\.m2\repository\org\junit\platform\junit-platform-commons\1.11.2\junit-platform-commons-1.11.2.jar;C:\Users\Yann-Gaël Guéhéneuc\.m2\repository\org\apiguardian\apiguardian-api\1.1.2\apiguardian-api-1.1.2.jar;"/>
    <property name="java.vm.vendor" value="Oracle Corporation"/>
    <property name="sun.arch.data.model" value="64"/>
    <property name="user.variant" value=""/>
    <property name="java.vendor.url" value="https://java.oracle.com/"/>
    <property name="user.timezone" value="America/Toronto"/>
    <property name="os.name" value="Windows 10"/>
    <property name="java.vm.specification.version" value="17"/>
    <property name="sun.java.launcher" value="SUN_STANDARD"/>
    <property name="user.country" value="CA"/>
    <property name="sun.boot.library.path" value="C:\Program Files\Java\jdk-17\bin"/>
    <property name="sun.java.command" value="C:\Users\Yann-Gaël Guéhéneuc\AppData\Local\Temp\surefire8834327835199274640\surefirebooter-20241006155740632_3.jar C:\Users\Yann-Gaël Guéhéneuc\AppData\Local\Temp\surefire8834327835199274640 2024-10-06T15-57-40_110-jvmRun1 surefire-20241006155740632_1tmp surefire_0-20241006155740632_2tmp"/>
    <property name="jdk.debug" value="release"/>
    <property name="surefire.test.class.path" value="D:\Documents\Tutorials\241001 - Forwarding and Delegation\Workspace\Platypus (Fixed)\target\test-classes;D:\Documents\Tutorials\241001 - Forwarding and Delegation\Workspace\Platypus (Fixed)\target\classes;C:\Users\Yann-Gaël Guéhéneuc\.m2\repository\org\junit\jupiter\junit-jupiter-api\5.11.2\junit-jupiter-api-5.11.2.jar;C:\Users\Yann-Gaël Guéhéneuc\.m2\repository\org\opentest4j\opentest4j\1.3.0\opentest4j-1.3.0.jar;C:\Users\Yann-Gaël Guéhéneuc\.m2\repository\org\junit\platform\junit-platform-commons\1.11.2\junit-platform-commons-1.11.2.jar;C:\Users\Yann-Gaël Guéhéneuc\.m2\repository\org\apiguardian\apiguardian-api\1.1.2\apiguardian-api-1.1.2.jar;"/>
    <property name="sun.cpu.endian" value="little"/>
    <property name="user.home" value="C:\Users\Yann-Gaël Guéhéneuc"/>
    <property name="user.language" value="en"/>
    <property name="java.specification.vendor" value="Oracle Corporation"/>
    <property name="java.version.date" value="2024-01-16"/>
    <property name="java.home" value="C:\Program Files\Java\jdk-17"/>
    <property name="file.separator" value="\"/>
    <property name="style.color" value="always"/>
    <property name="basedir" value="D:\Documents\Tutorials\241001 - Forwarding and Delegation\Workspace\Platypus (Fixed)"/>
    <property name="java.vm.compressedOopsMode" value="32-bit"/>
    <property name="line.separator" value="&#10;"/>
    <property name="java.vm.specification.vendor" value="Oracle Corporation"/>
    <property name="java.specification.name" value="Java Platform API Specification"/>
    <property name="surefire.real.class.path" value="C:\Users\Yann-Gaël Guéhéneuc\AppData\Local\Temp\surefire8834327835199274640\surefirebooter-20241006155740632_3.jar"/>
    <property name="user.script" value=""/>
    <property name="sun.management.compiler" value="HotSpot 64-Bit Tiered Compilers"/>
    <property name="java.runtime.version" value="17.0.10+11-LTS-240"/>
    <property name="user.name" value="Yann-Gaël Guéhéneuc"/>
    <property name="path.separator" value=";"/>
    <property name="os.version" value="10.0"/>
    <property name="java.runtime.name" value="Java(TM) SE Runtime Environment"/>
    <property name="file.encoding" value="Cp1252"/>
    <property name="java.vm.name" value="Java HotSpot(TM) 64-Bit Server VM"/>
    <property name="localRepository" value="C:\Users\Yann-Gaël Guéhéneuc\.m2\repository"/>
    <property name="java.vendor.url.bug" value="https://bugreport.java.com/bugreport/"/>
    <property name="java.io.tmpdir" value="C:\Users\YANN-G~1\AppData\Local\Temp\"/>
    <property name="java.version" value="17.0.10"/>
    <property name="user.dir" value="D:\Documents\Tutorials\241001 - Forwarding and Delegation\Workspace\Platypus (Fixed)"/>
    <property name="os.arch" value="amd64"/>
    <property name="java.vm.specification.name" value="Java Virtual Machine Specification"/>
    <property name="sun.os.patch.level" value=""/>
    <property name="native.encoding" value="Cp1252"/>
    <property name="java.library.path" value="C:\Program Files\Java\jdk-17\bin;C:\WINDOWS\Sun\Java\bin;C:\WINDOWS\system32;C:\WINDOWS;C:/Eclipse//plugins/org.eclipse.justj.openjdk.hotspot.jre.full.win32.x86_64_21.0.4.v20240802-1551/jre/bin/server;C:/Eclipse//plugins/org.eclipse.justj.openjdk.hotspot.jre.full.win32.x86_64_21.0.4.v20240802-1551/jre/bin;C:\Program Files (x86)\VMware\VMware Player\bin\;C:\Program Files\Java\jdk-21\bin;C:\Users\Yann-Gaël Guéhéneuc\AppData\Local\Programs\Python\Python312\Scripts;C:\Users\Yann-Gaël Guéhéneuc\AppData\Local\Programs\Python\Python312;C:\Users\Yann-Gaël Guéhéneuc\AppData\Local\Programs\PyPy;C:\Program Files (x86)\Intel\iCLS Client\;C:\Program Files\Intel\iCLS Client\;C:\WINDOWS\system32;C:\WINDOWS;C:\WINDOWS\System32\Wbem;C:\WINDOWS\System32\WindowsPowerShell\v1.0\;C:\Program Files (x86)\Intel\Intel(R) Management Engine Components\DAL;C:\Program Files\Intel\Intel(R) Management Engine Components\DAL;C:\Program Files (x86)\Intel\Intel(R) Management Engine Components\IPT;C:\Program Files\Intel\Intel(R) Management Engine Components\IPT;C:\Program Files\Intel\WiFi\bin\;C:\Program Files\Common Files\Intel\WirelessCommon\;C:\Program Files\dotnet\;C:\ProgramData\chocolatey\bin;C:\Maven\bin;C:\Users\Yann-Gaël Guéhéneuc\AppData\Local\Programs\Python\Python312\Scripts\;C:\Users\Yann-Gaël Guéhéneuc\AppData\Local\Programs\Python\Python312\;C:\Users\Yann-Gaël Guéhéneuc\AppData\Local\Microsoft\WindowsApps;C:\Program Files\FFMPEG\bin;C:\Users\Yann-Gaël Guéhéneuc\AppData\Local\Programs\MiKTeX\miktex\bin\x64\;C:\Eclipse;;."/>
    <property name="java.vm.info" value="mixed mode, sharing"/>
    <property name="java.vendor" value="Oracle Corporation"/>
    <property name="java.vm.version" value="17.0.10+11-LTS-240"/>
    <property name="sun.io.unicode.encoding" value="UnicodeLittle"/>
    <property name="java.class.version" value="61.0"/>
  </properties>
  <testcase name="testUnexpectedMissingCallToOverridingMethod" classname="net.ptidej.tutorial.forwarding.Tests" time="0.062">
    <failure message="The method net.ptidej.tutorial.animals.impl.Echidna2.getEggSize() IS called by net.ptidej.tutorial.animals.impl.AbstractBird.layEgg() ==&gt; expected: &lt;20&gt; but was: &lt;50&gt;" type="org.opentest4j.AssertionFailedError"><![CDATA[org.opentest4j.AssertionFailedError: The method net.ptidej.tutorial.animals.impl.Echidna2.getEggSize() IS called by net.ptidej.tutorial.animals.impl.AbstractBird.layEgg() ==> expected: <20> but was: <50>
	at org.junit.jupiter.api.AssertionFailureBuilder.build(AssertionFailureBuilder.java:151)
	at org.junit.jupiter.api.AssertionFailureBuilder.buildAndThrow(AssertionFailureBuilder.java:132)
	at org.junit.jupiter.api.AssertEquals.failNotEqual(AssertEquals.java:197)
	at org.junit.jupiter.api.AssertEquals.assertEquals(AssertEquals.java:150)
	at org.junit.jupiter.api.Assertions.assertEquals(Assertions.java:563)
	at net.ptidej.tutorial.forwarding.Tests.testUnexpectedMissingCallToOverridingMethod(Tests.java:34)
	at java.base/java.lang.reflect.Method.invoke(Method.java:568)
	at java.base/java.util.ArrayList.forEach(ArrayList.java:1511)
	at java.base/java.util.ArrayList.forEach(ArrayList.java:1511)
]]></failure>
    <system-out><![CDATA[Laying eggs...
Laying eggs...
]]></system-out>
  </testcase>
  <testcase name="testUnexpectedCallToOverridingMethod" classname="net.ptidej.tutorial.forwarding.Tests" time="0.007">
    <failure message="The method net.ptidej.tutorial.animals.IVertebrate.addFightingMechanism() is NOT called by net.ptidej.tutorial.animals.IVertebrate.addFightingMechanisms() ==&gt; expected: &lt;3&gt; but was: &lt;5&gt;" type="org.opentest4j.AssertionFailedError"><![CDATA[org.opentest4j.AssertionFailedError: The method net.ptidej.tutorial.animals.IVertebrate.addFightingMechanism() is NOT called by net.ptidej.tutorial.animals.IVertebrate.addFightingMechanisms() ==> expected: <3> but was: <5>
	at org.junit.jupiter.api.AssertionFailureBuilder.build(AssertionFailureBuilder.java:151)
	at org.junit.jupiter.api.AssertionFailureBuilder.buildAndThrow(AssertionFailureBuilder.java:132)
	at org.junit.jupiter.api.AssertEquals.failNotEqual(AssertEquals.java:197)
	at org.junit.jupiter.api.AssertEquals.assertEquals(AssertEquals.java:150)
	at org.junit.jupiter.api.Assertions.assertEquals(Assertions.java:563)
	at net.ptidej.tutorial.forwarding.Tests.testUnexpectedCallToOverridingMethod(Tests.java:24)
	at java.base/java.lang.reflect.Method.invoke(Method.java:568)
	at java.base/java.util.ArrayList.forEach(ArrayList.java:1511)
	at java.base/java.util.ArrayList.forEach(ArrayList.java:1511)
]]></failure>
  </testcase>
</testsuite>